2018-10-03 17:28:42,334 DEBUG    root            Loaded Command Group: [u'gcloud', u'compute', u'instances']
2018-10-03 17:28:42,350 DEBUG    root            Loaded Command Group: [u'gcloud', u'compute', u'instances', u'list']
2018-10-03 17:28:42,353 DEBUG    root            Running [gcloud.compute.instances.list] with arguments: []
2018-10-03 17:28:42,773 INFO     root            Display format: "    table(
      name,
      zone.basename(),
      machineType.machine_type().basename(),
      scheduling.preemptible.yesno(yes=true, no=''),
      networkInterfaces[].networkIP.notnull().list():label=INTERNAL_IP,
      networkInterfaces[].accessConfigs[0].natIP.notnull().list()      :label=EXTERNAL_IP,
      status
    )"
2018-10-03 17:28:43,344 INFO     root            cache collection=compute.instances api_version=v1 params=[u'project', u'zone', u'instance']
2018-10-03 17:28:43,346 INFO     ___FILE_ONLY___ NAME
2018-10-03 17:28:43,346 INFO     ___FILE_ONLY___                                          
2018-10-03 17:28:43,346 INFO     ___FILE_ONLY___ ZONE
2018-10-03 17:28:43,346 INFO     ___FILE_ONLY___         
2018-10-03 17:28:43,346 INFO     ___FILE_ONLY___ MACHINE_TYPE
2018-10-03 17:28:43,346 INFO     ___FILE_ONLY___    
2018-10-03 17:28:43,346 INFO     ___FILE_ONLY___ PREEMPTIBLE
2018-10-03 17:28:43,346 INFO     ___FILE_ONLY___   
2018-10-03 17:28:43,346 INFO     ___FILE_ONLY___ INTERNAL_IP
2018-10-03 17:28:43,347 INFO     ___FILE_ONLY___   
2018-10-03 17:28:43,347 INFO     ___FILE_ONLY___ EXTERNAL_IP
2018-10-03 17:28:43,347 INFO     ___FILE_ONLY___      
2018-10-03 17:28:43,347 INFO     ___FILE_ONLY___ STATUS
2018-10-03 17:28:43,347 INFO     ___FILE_ONLY___ 

2018-10-03 17:28:43,347 INFO     ___FILE_ONLY___ docker-01
2018-10-03 17:28:43,347 INFO     ___FILE_ONLY___                                     
2018-10-03 17:28:43,347 INFO     ___FILE_ONLY___ us-west1-c
2018-10-03 17:28:43,347 INFO     ___FILE_ONLY___   
2018-10-03 17:28:43,347 INFO     ___FILE_ONLY___ n1-standard-1
2018-10-03 17:28:43,347 INFO     ___FILE_ONLY___                
2018-10-03 17:28:43,348 INFO     ___FILE_ONLY___ 10.138.0.2
2018-10-03 17:28:43,348 INFO     ___FILE_ONLY___                    
2018-10-03 17:28:43,348 INFO     ___FILE_ONLY___ TERMINATED
2018-10-03 17:28:43,348 INFO     ___FILE_ONLY___ 

2018-10-03 17:28:43,348 INFO     ___FILE_ONLY___ gke-lab04cluster-default-pool-440665af-p9tx
2018-10-03 17:28:43,348 INFO     ___FILE_ONLY___   
2018-10-03 17:28:43,348 INFO     ___FILE_ONLY___ us-west1-c
2018-10-03 17:28:43,348 INFO     ___FILE_ONLY___   
2018-10-03 17:28:43,348 INFO     ___FILE_ONLY___ n1-standard-1
2018-10-03 17:28:43,348 INFO     ___FILE_ONLY___                
2018-10-03 17:28:43,348 INFO     ___FILE_ONLY___ 10.138.0.5
2018-10-03 17:28:43,348 INFO     ___FILE_ONLY___    
2018-10-03 17:28:43,348 INFO     ___FILE_ONLY___ 104.198.10.86
2018-10-03 17:28:43,349 INFO     ___FILE_ONLY___    
2018-10-03 17:28:43,349 INFO     ___FILE_ONLY___ RUNNING
2018-10-03 17:28:43,349 INFO     ___FILE_ONLY___ 

2018-10-03 17:28:43,349 INFO     ___FILE_ONLY___ gke-lab04cluster-default-pool-440665af-ppsb
2018-10-03 17:28:43,349 INFO     ___FILE_ONLY___   
2018-10-03 17:28:43,349 INFO     ___FILE_ONLY___ us-west1-c
2018-10-03 17:28:43,349 INFO     ___FILE_ONLY___   
2018-10-03 17:28:43,349 INFO     ___FILE_ONLY___ n1-standard-1
2018-10-03 17:28:43,349 INFO     ___FILE_ONLY___                
2018-10-03 17:28:43,349 INFO     ___FILE_ONLY___ 10.138.0.7
2018-10-03 17:28:43,349 INFO     ___FILE_ONLY___    
2018-10-03 17:28:43,349 INFO     ___FILE_ONLY___ 35.199.151.247
2018-10-03 17:28:43,349 INFO     ___FILE_ONLY___   
2018-10-03 17:28:43,349 INFO     ___FILE_ONLY___ RUNNING
2018-10-03 17:28:43,349 INFO     ___FILE_ONLY___ 

2018-10-03 17:28:43,350 INFO     ___FILE_ONLY___ gke-lab04cluster-default-pool-440665af-ps9q
2018-10-03 17:28:43,350 INFO     ___FILE_ONLY___   
2018-10-03 17:28:43,350 INFO     ___FILE_ONLY___ us-west1-c
2018-10-03 17:28:43,350 INFO     ___FILE_ONLY___   
2018-10-03 17:28:43,350 INFO     ___FILE_ONLY___ n1-standard-1
2018-10-03 17:28:43,350 INFO     ___FILE_ONLY___                
2018-10-03 17:28:43,350 INFO     ___FILE_ONLY___ 10.138.0.6
2018-10-03 17:28:43,350 INFO     ___FILE_ONLY___    
2018-10-03 17:28:43,350 INFO     ___FILE_ONLY___ 35.233.253.141
2018-10-03 17:28:43,350 INFO     ___FILE_ONLY___   
2018-10-03 17:28:43,350 INFO     ___FILE_ONLY___ RUNNING
2018-10-03 17:28:43,350 INFO     ___FILE_ONLY___ 

2018-10-03 17:28:43,350 INFO     ___FILE_ONLY___ lab03
2018-10-03 17:28:43,351 INFO     ___FILE_ONLY___                                         
2018-10-03 17:28:43,351 INFO     ___FILE_ONLY___ us-west1-c
2018-10-03 17:28:43,351 INFO     ___FILE_ONLY___   
2018-10-03 17:28:43,351 INFO     ___FILE_ONLY___ n1-standard-1
2018-10-03 17:28:43,351 INFO     ___FILE_ONLY___                
2018-10-03 17:28:43,351 INFO     ___FILE_ONLY___ 10.138.0.3
2018-10-03 17:28:43,351 INFO     ___FILE_ONLY___                    
2018-10-03 17:28:43,351 INFO     ___FILE_ONLY___ TERMINATED
2018-10-03 17:28:43,351 INFO     ___FILE_ONLY___ 

2018-10-03 17:28:43,351 INFO     ___FILE_ONLY___ lab04
2018-10-03 17:28:43,351 INFO     ___FILE_ONLY___                                         
2018-10-03 17:28:43,351 INFO     ___FILE_ONLY___ us-west1-c
2018-10-03 17:28:43,351 INFO     ___FILE_ONLY___   
2018-10-03 17:28:43,352 INFO     ___FILE_ONLY___ n1-standard-1
2018-10-03 17:28:43,352 INFO     ___FILE_ONLY___                
2018-10-03 17:28:43,352 INFO     ___FILE_ONLY___ 10.138.0.4
2018-10-03 17:28:43,352 INFO     ___FILE_ONLY___    
2018-10-03 17:28:43,352 INFO     ___FILE_ONLY___ 35.233.153.204
2018-10-03 17:28:43,352 INFO     ___FILE_ONLY___   
2018-10-03 17:28:43,352 INFO     ___FILE_ONLY___ RUNNING
2018-10-03 17:28:43,352 INFO     ___FILE_ONLY___ 

2018-10-03 17:28:43,353 DEBUG    root            SDK update checks are disabled.
