2018-10-03 17:28:33,220 DEBUG    root            Loaded Command Group: [u'gcloud', u'container']
2018-10-03 17:28:33,223 DEBUG    root            Loaded Command Group: [u'gcloud', u'container', u'clusters']
2018-10-03 17:28:33,226 DEBUG    root            Loaded Command Group: [u'gcloud', u'container', u'clusters', u'list']
2018-10-03 17:28:33,342 DEBUG    root            Running [gcloud.container.clusters.list] with arguments: []
2018-10-03 17:28:33,619 INFO     root            Display format: "
    table(
        name,
        zone:label=LOCATION,
        master_version():label=MASTER_VERSION,
        endpoint:label=MASTER_IP,
        nodePools[0].config.machineType,
        currentNodeVersion:label=NODE_VERSION,
        firstof(currentNodeCount,initialNodeCount):label=NUM_NODES,
        status
    )
"
2018-10-03 17:28:33,622 INFO     ___FILE_ONLY___ NAME
2018-10-03 17:28:33,622 INFO     ___FILE_ONLY___           
2018-10-03 17:28:33,622 INFO     ___FILE_ONLY___ LOCATION
2018-10-03 17:28:33,622 INFO     ___FILE_ONLY___     
2018-10-03 17:28:33,622 INFO     ___FILE_ONLY___ MASTER_VERSION
2018-10-03 17:28:33,622 INFO     ___FILE_ONLY___   
2018-10-03 17:28:33,622 INFO     ___FILE_ONLY___ MASTER_IP
2018-10-03 17:28:33,622 INFO     ___FILE_ONLY___        
2018-10-03 17:28:33,622 INFO     ___FILE_ONLY___ MACHINE_TYPE
2018-10-03 17:28:33,622 INFO     ___FILE_ONLY___    
2018-10-03 17:28:33,622 INFO     ___FILE_ONLY___ NODE_VERSION
2018-10-03 17:28:33,622 INFO     ___FILE_ONLY___   
2018-10-03 17:28:33,623 INFO     ___FILE_ONLY___ NUM_NODES
2018-10-03 17:28:33,623 INFO     ___FILE_ONLY___   
2018-10-03 17:28:33,623 INFO     ___FILE_ONLY___ STATUS
2018-10-03 17:28:33,623 INFO     ___FILE_ONLY___ 

2018-10-03 17:28:33,623 INFO     ___FILE_ONLY___ lab04cluster
2018-10-03 17:28:33,623 INFO     ___FILE_ONLY___   
2018-10-03 17:28:33,623 INFO     ___FILE_ONLY___ us-west1-c
2018-10-03 17:28:33,623 INFO     ___FILE_ONLY___   
2018-10-03 17:28:33,623 INFO     ___FILE_ONLY___ 1.9.7-gke.6
2018-10-03 17:28:33,623 INFO     ___FILE_ONLY___      
2018-10-03 17:28:33,623 INFO     ___FILE_ONLY___ 35.199.188.232
2018-10-03 17:28:33,623 INFO     ___FILE_ONLY___   
2018-10-03 17:28:33,623 INFO     ___FILE_ONLY___ n1-standard-1
2018-10-03 17:28:33,624 INFO     ___FILE_ONLY___   
2018-10-03 17:28:33,624 INFO     ___FILE_ONLY___ 1.9.7-gke.6
2018-10-03 17:28:33,624 INFO     ___FILE_ONLY___    
2018-10-03 17:28:33,624 INFO     ___FILE_ONLY___ 3
2018-10-03 17:28:33,624 INFO     ___FILE_ONLY___           
2018-10-03 17:28:33,624 INFO     ___FILE_ONLY___ RUNNING
2018-10-03 17:28:33,624 INFO     ___FILE_ONLY___ 

2018-10-03 17:28:33,625 DEBUG    root            SDK update checks are disabled.
