2018-10-03 17:29:02,896 DEBUG    root            Loaded Command Group: ['gcloud', 'config']
2018-10-03 17:29:02,901 DEBUG    root            Loaded Command Group: ['gcloud', 'config', 'config_helper']
2018-10-03 17:29:02,904 DEBUG    root            Running [gcloud.config.config-helper] with arguments: [--format: "json"]
2018-10-03 17:29:02,927 INFO     root            Display format: "default json"
2018-10-03 17:29:02,928 INFO     ___FILE_ONLY___ {
  "configuration": {
    "active_configuration": "default",
    "properties": {
      "core": {
        "account": "871143460440-compute@developer.gserviceaccount.com",
        "disable_usage_reporting": "True",
        "project": "lab-02-216417"
      }
    }
  },
  "credential": {
    "access_token": "ya29.c.ElorBj7A4hAlLhxXr8d3qXwFQnrX662t0ZrpKyB9N1wL5gFK0EXiZf-EyNYQYXm1muj5F31LlaZN-JgVeqIieUuTT8Z7AwqV1YQZNbvz-JNFs0VX_e3EjAD9RkU",
    "token_expiry": "2018-10-03T18:28:32Z"
  },
  "sentinels": {
    "config_sentinel": "/home/andre_kupelian7/.config/gcloud/config_sentinel"
  }
}
2018-10-03 17:29:02,929 INFO     ___FILE_ONLY___ 

2018-10-03 17:29:02,930 DEBUG    root            SDK update checks are disabled.
