2018-10-03 22:20:22,101 DEBUG    root            Loaded Command Group: ['gcloud', 'config']
2018-10-03 22:20:22,106 DEBUG    root            Loaded Command Group: ['gcloud', 'config', 'config_helper']
2018-10-03 22:20:22,109 DEBUG    root            Running [gcloud.config.config-helper] with arguments: [--format: "json"]
2018-10-03 22:20:22,182 INFO     root            Display format: "default json"
2018-10-03 22:20:22,183 INFO     ___FILE_ONLY___ {
  "configuration": {
    "active_configuration": "default",
    "properties": {
      "core": {
        "account": "871143460440-compute@developer.gserviceaccount.com",
        "disable_usage_reporting": "True",
        "project": "lab-02-216417"
      }
    }
  },
  "credential": {
    "access_token": "ya29.c.ElorBs7LNWjlwIQARGgRuUOmtmqlen11BxSmTcWeA5HhSM39t6IPmuEaadj-X77Rop1QcFh7OzqWigSGiwcjYjEi6NlCoanNVWRFz8aWaa1fk2Tn3mA6lLjUgpU",
    "token_expiry": "2018-10-03T23:20:21Z"
  },
  "sentinels": {
    "config_sentinel": "/home/andre_kupelian7/.config/gcloud/config_sentinel"
  }
}
2018-10-03 22:20:22,184 INFO     ___FILE_ONLY___ 

2018-10-03 22:20:22,185 DEBUG    root            SDK update checks are disabled.
