2018-10-04 18:32:45,106 DEBUG    root            Loaded Command Group: [u'gcloud', u'container']
2018-10-04 18:32:45,115 DEBUG    root            Loaded Command Group: [u'gcloud', u'container', u'clusters']
2018-10-04 18:32:45,118 DEBUG    root            Loaded Command Group: [u'gcloud', u'container', u'clusters', u'delete']
2018-10-04 18:32:45,239 DEBUG    root            Running [gcloud.container.clusters.delete] with arguments: [--zone: "us-west1-c", NAME:1: "[u'lab04cluster']"]
2018-10-04 18:32:47,219 INFO     ___FILE_ONLY___ Deleting cluster lab04cluster...
2018-10-04 18:34:27,842 INFO     root            Operation <Operation
 clusterConditions: []
 endTime: u'2018-10-04T18:34:25.931260427Z'
 name: u'operation-1538677967197-ed94704b'
 nodepoolConditions: []
 operationType: OperationTypeValueValuesEnum(DELETE_CLUSTER, 2)
 selfLink: u'https://container.googleapis.com/v1/projects/871143460440/zones/us-west1-c/operations/operation-1538677967197-ed94704b'
 startTime: u'2018-10-04T18:32:47.197436394Z'
 status: StatusValueValuesEnum(DONE, 3)
 targetLink: u'https://container.googleapis.com/v1/projects/871143460440/zones/us-west1-c/clusters/lab04cluster'
 zone: u'us-west1-c'> succeeded after 100.622 seconds
2018-10-04 18:34:28,366 DEBUG    root            Purged cluster config from /home/andre_kupelian7/.config/gcloud/kubernetes/lab-02-216417_us-west1-c_lab04cluster
2018-10-04 18:34:28,367 INFO     ___FILE_ONLY___ Deleted [https://container.googleapis.com/v1/projects/lab-02-216417/zones/us-west1-c/clusters/lab04cluster].

2018-10-04 18:34:28,368 INFO     root            Display format: "none"
2018-10-04 18:34:28,369 DEBUG    root            SDK update checks are disabled.
